update-alternatives 2018-07-25 03:03:57: run with --quiet --install /usr/bin/awk awk /usr/bin/mawk 5 --slave /usr/share/man/man1/awk.1.gz awk.1.gz /usr/share/man/man1/mawk.1.gz --slave /usr/bin/nawk nawk /usr/bin/mawk --slave /usr/share/man/man1/nawk.1.gz nawk.1.gz /usr/share/man/man1/mawk.1.gz
update-alternatives 2018-07-25 03:03:57: link group awk updated to point to /usr/bin/mawk
update-alternatives 2018-07-25 03:04:03: run with --quiet --install /usr/bin/awk awk /usr/bin/mawk 5 --slave /usr/share/man/man1/awk.1.gz awk.1.gz /usr/share/man/man1/mawk.1.gz --slave /usr/bin/nawk nawk /usr/bin/mawk --slave /usr/share/man/man1/nawk.1.gz nawk.1.gz /usr/share/man/man1/mawk.1.gz
update-alternatives 2018-07-25 03:04:03: run with --install /usr/share/man/man7/builtins.7.gz builtins.7.gz /usr/share/man/man7/bash-builtins.7.gz 10
update-alternatives 2018-07-25 03:04:03: link group builtins.7.gz updated to point to /usr/share/man/man7/bash-builtins.7.gz
update-alternatives 2018-07-25 03:04:03: run with --install /usr/sbin/rmt rmt /usr/sbin/rmt-tar 50 --slave /usr/share/man/man8/rmt.8.gz rmt.8.gz /usr/share/man/man8/rmt-tar.8.gz
update-alternatives 2018-07-25 03:04:03: link group rmt updated to point to /usr/sbin/rmt-tar
update-alternatives 2018-07-25 03:04:04: run with --install /usr/bin/pager pager /bin/more 50 --slave /usr/share/man/man1/pager.1.gz pager.1.gz /usr/share/man/man1/more.1.gz
update-alternatives 2018-07-25 03:04:04: link group pager updated to point to /bin/more
update-alternatives 2018-07-25 03:04:04: run with --remove pager /usr/bin/pg
update-alternatives 2018-07-25 03:04:05: run with --install /usr/bin/w w /usr/bin/w.procps 50 --slave /usr/share/man/man1/w.1.gz w.1.gz /usr/share/man/man1/w.procps.1.gz
update-alternatives 2018-07-25 03:04:05: link group w updated to point to /usr/bin/w.procps
update-alternatives 2018-07-25 03:04:28: run with --install /bin/mt mt /bin/mt-gnu 10 --slave /usr/share/man/man1/mt.1.gz mt.1.gz /usr/share/man/man1/mt-gnu.1.gz
update-alternatives 2018-07-25 03:04:28: link group mt updated to point to /bin/mt-gnu
update-alternatives 2018-07-25 03:04:28: run with --quiet --install /usr/bin/pager pager /bin/less 77 --slave /usr/share/man/man1/pager.1.gz pager.1.gz /usr/share/man/man1/less.1.gz
update-alternatives 2018-07-25 03:04:28: link group pager updated to point to /bin/less
update-alternatives 2018-07-25 03:04:28: run with --quiet --remove pager /usr/bin/less
update-alternatives 2018-07-25 03:04:28: run with --quiet --install /usr/bin/pager pager /bin/less 77 --slave /usr/share/man/man1/pager.1.gz pager.1.gz /usr/share/man/man1/less.1.gz
update-alternatives 2018-07-25 03:04:28: run with --quiet --remove pager /usr/bin/less
update-alternatives 2018-07-25 03:04:29: run with --install /bin/nc nc /bin/nc.openbsd 50 --slave /bin/netcat netcat /bin/nc.openbsd --slave /usr/share/man/man1/nc.1.gz nc.1.gz /usr/share/man/man1/nc_openbsd.1.gz --slave /usr/share/man/man1/netcat.1.gz netcat.1.gz /usr/share/man/man1/nc_openbsd.1.gz
update-alternatives 2018-07-25 03:04:29: link group nc updated to point to /bin/nc.openbsd
update-alternatives 2018-07-25 03:04:29: run with --install /usr/bin/lzma lzma /usr/bin/xz 20 --slave /usr/share/man/man1/lzma.1.gz lzma.1.gz /usr/share/man/man1/xz.1.gz --slave /usr/bin/unlzma unlzma /usr/bin/unxz --slave /usr/share/man/man1/unlzma.1.gz unlzma.1.gz /usr/share/man/man1/unxz.1.gz --slave /usr/bin/lzcat lzcat /usr/bin/xzcat --slave /usr/share/man/man1/lzcat.1.gz lzcat.1.gz /usr/share/man/man1/xzcat.1.gz --slave /usr/bin/lzmore lzmore /usr/bin/xzmore --slave /usr/share/man/man1/lzmore.1.gz lzmore.1.gz /usr/share/man/man1/xzmore.1.gz --slave /usr/bin/lzless lzless /usr/bin/xzless --slave /usr/share/man/man1/lzless.1.gz lzless.1.gz /usr/share/man/man1/xzless.1.gz --slave /usr/bin/lzdiff lzdiff /usr/bin/xzdiff --slave /usr/share/man/man1/lzdiff.1.gz lzdiff.1.gz /usr/share/man/man1/xzdiff.1.gz --slave /usr/bin/lzcmp lzcmp /usr/bin/xzcmp --slave /usr/share/man/man1/lzcmp.1.gz lzcmp.1.gz /usr/share/man/man1/xzcmp.1.gz --slave /usr/bin/lzgrep lzgrep /usr/bin/xzgrep --slave /usr/share/man/man1/lzgrep.1.gz lzgrep.1.gz /usr/share/man/man1/xzgrep.1.gz --slave /usr/bin/lzegrep lzegrep /usr/bin/xzegrep --slave /usr/share/man/man1/lzegrep.1.gz lzegrep.1.gz /usr/share/man/man1/xzegrep.1.gz --slave /usr/bin/lzfgrep lzfgrep /usr/bin/xzfgrep --slave /usr/share/man/man1/lzfgrep.1.gz lzfgrep.1.gz /usr/share/man/man1/xzfgrep.1.gz
update-alternatives 2018-07-25 03:04:29: link group lzma updated to point to /usr/bin/xz
update-alternatives 2018-07-25 03:04:32: run with --install /usr/bin/rview rview /usr/bin/vim.tiny 15
update-alternatives 2018-07-25 03:04:32: link group rview updated to point to /usr/bin/vim.tiny
update-alternatives 2018-07-25 03:04:32: run with --install /usr/bin/vi vi /usr/bin/vim.tiny 15 --slave /usr/share/man/fr/man1/vi.1.gz vi.fr.1.gz /usr/share/man/fr/man1/vim.1.gz --slave /usr/share/man/it/man1/vi.1.gz vi.it.1.gz /usr/share/man/it/man1/vim.1.gz --slave /usr/share/man/pl/man1/vi.1.gz vi.pl.1.gz /usr/share/man/pl/man1/vim.1.gz --slave /usr/share/man/ru/man1/vi.1.gz vi.ru.1.gz /usr/share/man/ru/man1/vim.1.gz --slave /usr/share/man/ja/man1/vi.1.gz vi.ja.1.gz /usr/share/man/ja/man1/vim.1.gz --slave /usr/share/man/man1/vi.1.gz vi.1.gz /usr/share/man/man1/vim.1.gz
update-alternatives 2018-07-25 03:04:32: link group vi updated to point to /usr/bin/vim.tiny
update-alternatives 2018-07-25 03:04:32: run with --install /usr/bin/view view /usr/bin/vim.tiny 15 --slave /usr/share/man/fr/man1/view.1.gz view.fr.1.gz /usr/share/man/fr/man1/vim.1.gz --slave /usr/share/man/it/man1/view.1.gz view.it.1.gz /usr/share/man/it/man1/vim.1.gz --slave /usr/share/man/pl/man1/view.1.gz view.pl.1.gz /usr/share/man/pl/man1/vim.1.gz --slave /usr/share/man/ru/man1/view.1.gz view.ru.1.gz /usr/share/man/ru/man1/vim.1.gz --slave /usr/share/man/ja/man1/view.1.gz view.ja.1.gz /usr/share/man/ja/man1/vim.1.gz --slave /usr/share/man/man1/view.1.gz view.1.gz /usr/share/man/man1/vim.1.gz
update-alternatives 2018-07-25 03:04:32: link group view updated to point to /usr/bin/vim.tiny
update-alternatives 2018-07-25 03:04:32: run with --install /usr/bin/ex ex /usr/bin/vim.tiny 15 --slave /usr/share/man/fr/man1/ex.1.gz ex.fr.1.gz /usr/share/man/fr/man1/vim.1.gz --slave /usr/share/man/it/man1/ex.1.gz ex.it.1.gz /usr/share/man/it/man1/vim.1.gz --slave /usr/share/man/pl/man1/ex.1.gz ex.pl.1.gz /usr/share/man/pl/man1/vim.1.gz --slave /usr/share/man/ru/man1/ex.1.gz ex.ru.1.gz /usr/share/man/ru/man1/vim.1.gz --slave /usr/share/man/ja/man1/ex.1.gz ex.ja.1.gz /usr/share/man/ja/man1/vim.1.gz --slave /usr/share/man/man1/ex.1.gz ex.1.gz /usr/share/man/man1/vim.1.gz
update-alternatives 2018-07-25 03:04:32: link group ex updated to point to /usr/bin/vim.tiny
update-alternatives 2018-07-25 03:04:33: run with --install /usr/bin/editor editor /usr/bin/vim.tiny 15 --slave /usr/share/man/fr/man1/editor.1.gz editor.fr.1.gz /usr/share/man/fr/man1/vim.1.gz --slave /usr/share/man/it/man1/editor.1.gz editor.it.1.gz /usr/share/man/it/man1/vim.1.gz --slave /usr/share/man/pl/man1/editor.1.gz editor.pl.1.gz /usr/share/man/pl/man1/vim.1.gz --slave /usr/share/man/ru/man1/editor.1.gz editor.ru.1.gz /usr/share/man/ru/man1/vim.1.gz --slave /usr/share/man/ja/man1/editor.1.gz editor.ja.1.gz /usr/share/man/ja/man1/vim.1.gz --slave /usr/share/man/man1/editor.1.gz editor.1.gz /usr/share/man/man1/vim.1.gz
update-alternatives 2018-07-25 03:04:33: link group editor updated to point to /usr/bin/vim.tiny
update-alternatives 2018-07-25 03:04:37: run with --install /etc/newt/palette newt-palette /etc/newt/palette.ubuntu 50
update-alternatives 2018-07-25 03:04:37: link group newt-palette updated to point to /etc/newt/palette.ubuntu
update-alternatives 2018-07-25 03:04:37: run with --install /etc/newt/palette newt-palette /etc/newt/palette.original 20
update-alternatives 2018-07-25 03:04:40: run with --install /etc/vtrgb vtrgb /etc/console-setup/vtrgb 50
update-alternatives 2018-07-25 03:04:40: link group vtrgb updated to point to /etc/console-setup/vtrgb
update-alternatives 2018-07-25 03:04:40: run with --install /etc/vtrgb vtrgb /etc/console-setup/vtrgb.vga 20
update-alternatives 2018-07-25 03:04:54: run with --install /usr/bin/pager pager /bin/more 50 --slave /usr/share/man/man1/pager.1.gz pager.1.gz /usr/share/man/man1/more.1.gz
update-alternatives 2018-07-25 03:04:54: run with --remove pager /usr/bin/pg
update-alternatives 2018-07-25 03:05:01: run with --install /bin/nc nc /bin/nc.openbsd 50 --slave /bin/netcat netcat /bin/nc.openbsd --slave /usr/share/man/man1/nc.1.gz nc.1.gz /usr/share/man/man1/nc_openbsd.1.gz --slave /usr/share/man/man1/netcat.1.gz netcat.1.gz /usr/share/man/man1/nc_openbsd.1.gz
update-alternatives 2018-07-25 03:05:01: run with --install /usr/bin/w w /usr/bin/w.procps 50 --slave /usr/share/man/man1/w.1.gz w.1.gz /usr/share/man/man1/w.procps.1.gz
update-alternatives 2018-07-25 03:05:02: run with --install /etc/vtrgb vtrgb /etc/console-setup/vtrgb 50
update-alternatives 2018-07-25 03:05:02: run with --install /etc/vtrgb vtrgb /etc/console-setup/vtrgb.vga 20
update-alternatives 2018-07-25 03:08:11: run with --install /usr/share/icons/default/index.theme x-cursor-theme /etc/X11/cursors/core.theme 30
update-alternatives 2018-07-25 03:08:11: link group x-cursor-theme updated to point to /etc/X11/cursors/core.theme
update-alternatives 2018-07-25 03:08:11: run with --install /usr/share/icons/default/index.theme x-cursor-theme /etc/X11/cursors/redglass.theme 20
update-alternatives 2018-07-25 03:08:11: run with --install /usr/share/icons/default/index.theme x-cursor-theme /etc/X11/cursors/whiteglass.theme 20
update-alternatives 2018-07-25 03:08:11: run with --install /usr/share/icons/default/index.theme x-cursor-theme /etc/X11/cursors/handhelds.theme 20
update-alternatives 2018-07-25 03:08:12: run with --install /usr/bin/infobrowser infobrowser /usr/bin/info 60 --slave /usr/share/man/man1/infobrowser.1.gz infobrowser.1.gz /usr/share/man/man1/info.1.gz
update-alternatives 2018-07-25 03:08:12: link group infobrowser updated to point to /usr/bin/info
update-alternatives 2018-07-25 03:08:17: run with --install /usr/bin/locate locate /usr/bin/mlocate 80 --slave /usr/share/man/man1/locate.1.gz locate.1.gz /usr/share/man/man1/mlocate.1.gz --slave /usr/bin/updatedb updatedb /usr/bin/updatedb.mlocate --slave /usr/share/man/man8/updatedb.8.gz updatedb.8.gz /usr/share/man/man8/updatedb.mlocate.8.gz
update-alternatives 2018-07-25 03:08:17: link group locate updated to point to /usr/bin/mlocate
update-alternatives 2018-07-25 03:08:21: run with --install /usr/share/icons/default/index.theme x-cursor-theme /usr/share/icons/DMZ-White/cursor.theme 100
update-alternatives 2018-07-25 03:08:21: link group x-cursor-theme updated to point to /usr/share/icons/DMZ-White/cursor.theme
update-alternatives 2018-07-25 03:08:21: run with --install /usr/share/icons/default/index.theme x-cursor-theme /usr/share/icons/DMZ-Black/cursor.theme 30
update-alternatives 2018-07-25 03:08:21: run with --quiet --install /usr/bin/editor editor /bin/ed -100 --slave /usr/share/man/man1/editor.1.gz editor.1.gz /usr/share/man/man1/ed.1.gz
update-alternatives 2018-07-25 03:08:23: run with --install /usr/bin/editor editor /bin/nano 40 --slave /usr/share/man/man1/editor.1.gz editor.1.gz /usr/share/man/man1/nano.1.gz
update-alternatives 2018-07-25 03:08:23: link group editor updated to point to /bin/nano
update-alternatives 2018-07-25 03:08:23: run with --install /usr/bin/pico pico /bin/nano 10 --slave /usr/share/man/man1/pico.1.gz pico.1.gz /usr/share/man/man1/nano.1.gz
update-alternatives 2018-07-25 03:08:23: link group pico updated to point to /bin/nano
update-alternatives 2018-07-25 03:08:26: run with --install /usr/bin/traceroute6 traceroute6 /usr/bin/traceroute6.iputils 100 --slave /usr/share/man/man8/traceroute6.8.gz traceroute6.8.gz /usr/share/man/man8/traceroute6.iputils.8.gz
update-alternatives 2018-07-25 03:08:26: link group traceroute6 updated to point to /usr/bin/traceroute6.iputils
update-alternatives 2018-07-25 03:08:27: run with --install /usr/bin/telnet telnet /usr/bin/telnet.netkit 100 --slave /usr/share/man/man1/telnet.1.gz telnet.1.gz /usr/share/man/man1/telnet.netkit.1.gz
update-alternatives 2018-07-25 03:08:27: link group telnet updated to point to /usr/bin/telnet.netkit
update-alternatives 2018-07-25 03:08:27: run with --install /usr/bin/ftp ftp /usr/bin/netkit-ftp 100 --slave /usr/bin/pftp pftp /usr/bin/netkit-ftp --slave /usr/share/man/man1/ftp.1.gz ftp.1.gz /usr/share/man/man1/netkit-ftp.1.gz --slave /usr/share/man/man1/pftp.1.gz pftp.1.gz /usr/share/man/man1/netkit-ftp.1.gz --slave /usr/share/man/man5/netrc.5.gz netrc.5.gz /usr/share/man/man5/netkit-netrc.5.gz
update-alternatives 2018-07-25 03:08:27: link group ftp updated to point to /usr/bin/netkit-ftp
update-alternatives 2018-07-25 03:08:32: run with --install /usr/bin/write write /usr/bin/bsd-write 100 --slave /usr/share/man/man1/write.1.gz write.1.gz /usr/share/man/man1/bsd-write.1.gz
update-alternatives 2018-07-25 03:08:32: link group write updated to point to /usr/bin/bsd-write
update-alternatives 2018-07-25 03:08:32: run with --install /usr/bin/from from /usr/bin/bsd-from 10 --slave /usr/share/man/man1/from.1.gz from.1.gz /usr/share/man/man1/bsd-from.1.gz
update-alternatives 2018-07-25 03:08:32: link group from updated to point to /usr/bin/bsd-from
update-alternatives 2018-07-25 03:08:54: run with --quiet --install /usr/bin/pinentry pinentry /usr/bin/pinentry-curses 50 --slave /usr/share/man/man1/pinentry.1.gz pinentry.1.gz /usr/share/man/man1/pinentry-curses.1.gz
update-alternatives 2018-07-25 03:08:54: link group pinentry updated to point to /usr/bin/pinentry-curses
update-alternatives 2018-07-25 03:08:55: run with --quiet --install /lib/cpp cpp /usr/bin/cpp 10
update-alternatives 2018-07-25 03:08:55: link group cpp updated to point to /usr/bin/cpp
update-alternatives 2018-07-25 03:08:58: run with --install /usr/share/plymouth/themes/text.plymouth text.plymouth /usr/share/plymouth/themes/ubuntu-text/ubuntu-text.plymouth 50
update-alternatives 2018-07-25 03:08:58: link group text.plymouth updated to point to /usr/share/plymouth/themes/ubuntu-text/ubuntu-text.plymouth
update-alternatives 2018-07-25 03:08:59: run with --install /usr/share/gnome-shell/theme/gdm3.css gdm3.css /usr/share/gnome-shell/theme/ubuntu.css 10
update-alternatives 2018-07-25 03:08:59: link group gdm3.css updated to point to /usr/share/gnome-shell/theme/ubuntu.css
update-alternatives 2018-07-25 03:09:04: run with --quiet --install /usr/bin/rsh rsh /usr/bin/ssh 20 --slave /usr/share/man/man1/rsh.1.gz rsh.1.gz /usr/share/man/man1/ssh.1.gz
update-alternatives 2018-07-25 03:09:04: link group rsh updated to point to /usr/bin/ssh
update-alternatives 2018-07-25 03:09:04: run with --quiet --install /usr/bin/rlogin rlogin /usr/bin/slogin 20 --slave /usr/share/man/man1/rlogin.1.gz rlogin.1.gz /usr/share/man/man1/slogin.1.gz
update-alternatives 2018-07-25 03:09:04: link group rlogin updated to point to /usr/bin/slogin
update-alternatives 2018-07-25 03:09:04: run with --quiet --install /usr/bin/rcp rcp /usr/bin/scp 20 --slave /usr/share/man/man1/rcp.1.gz rcp.1.gz /usr/share/man/man1/scp.1.gz
update-alternatives 2018-07-25 03:09:04: link group rcp updated to point to /usr/bin/scp
update-alternatives 2018-07-25 03:09:46: run with --install /usr/bin/gstreamer-codec-install gstreamer-codec-install /usr/lib/packagekit/pk-gstreamer-install 80
update-alternatives 2018-07-25 03:09:46: link group gstreamer-codec-install updated to point to /usr/lib/packagekit/pk-gstreamer-install
update-alternatives 2018-07-25 03:09:54: run with --install /usr/bin/compare compare /usr/bin/compare-im6.q16 10000 --slave /usr/share/man/man1/compare.1.gz compare.1.gz /usr/share/man/man1/compare-im6.q16.1.gz
update-alternatives 2018-07-25 03:09:54: link group compare updated to point to /usr/bin/compare-im6.q16
update-alternatives 2018-07-25 03:09:54: run with --install /usr/bin/compare-im6 compare-im6 /usr/bin/compare-im6.q16 10000 --slave /usr/share/man/man1/compare-im6.1.gz compare-im6.1.gz /usr/share/man/man1/compare-im6.q16.1.gz
update-alternatives 2018-07-25 03:09:54: link group compare-im6 updated to point to /usr/bin/compare-im6.q16
update-alternatives 2018-07-25 03:09:54: run with --install /usr/bin/animate animate /usr/bin/animate-im6.q16 10000 --slave /usr/share/man/man1/animate.1.gz animate.1.gz /usr/share/man/man1/animate-im6.q16.1.gz
update-alternatives 2018-07-25 03:09:54: link group animate updated to point to /usr/bin/animate-im6.q16
update-alternatives 2018-07-25 03:09:54: run with --install /usr/bin/animate-im6 animate-im6 /usr/bin/animate-im6.q16 10000 --slave /usr/share/man/man1/animate-im6.1.gz animate-im6.1.gz /usr/share/man/man1/animate-im6.q16.1.gz
update-alternatives 2018-07-25 03:09:54: link group animate-im6 updated to point to /usr/bin/animate-im6.q16
update-alternatives 2018-07-25 03:09:54: run with --install /usr/bin/convert convert /usr/bin/convert-im6.q16 10000 --slave /usr/share/man/man1/convert.1.gz convert.1.gz /usr/share/man/man1/convert-im6.q16.1.gz
update-alternatives 2018-07-25 03:09:54: link group convert updated to point to /usr/bin/convert-im6.q16
update-alternatives 2018-07-25 03:09:54: run with --install /usr/bin/convert-im6 convert-im6 /usr/bin/convert-im6.q16 10000 --slave /usr/share/man/man1/convert-im6.1.gz convert-im6.1.gz /usr/share/man/man1/convert-im6.q16.1.gz
update-alternatives 2018-07-25 03:09:54: link group convert-im6 updated to point to /usr/bin/convert-im6.q16
update-alternatives 2018-07-25 03:09:54: run with --install /usr/bin/composite composite /usr/bin/composite-im6.q16 10000 --slave /usr/share/man/man1/composite.1.gz composite.1.gz /usr/share/man/man1/composite-im6.q16.1.gz
update-alternatives 2018-07-25 03:09:54: link group composite updated to point to /usr/bin/composite-im6.q16
update-alternatives 2018-07-25 03:09:54: run with --install /usr/bin/composite-im6 composite-im6 /usr/bin/composite-im6.q16 10000 --slave /usr/share/man/man1/composite-im6.1.gz composite-im6.1.gz /usr/share/man/man1/composite-im6.q16.1.gz
update-alternatives 2018-07-25 03:09:54: link group composite-im6 updated to point to /usr/bin/composite-im6.q16
update-alternatives 2018-07-25 03:09:54: run with --install /usr/bin/conjure conjure /usr/bin/conjure-im6.q16 10000 --slave /usr/share/man/man1/conjure.1.gz conjure.1.gz /usr/share/man/man1/conjure-im6.q16.1.gz
update-alternatives 2018-07-25 03:09:54: link group conjure updated to point to /usr/bin/conjure-im6.q16
update-alternatives 2018-07-25 03:09:54: run with --install /usr/bin/conjure-im6 conjure-im6 /usr/bin/conjure-im6.q16 10000 --slave /usr/share/man/man1/conjure-im6.1.gz conjure-im6.1.gz /usr/share/man/man1/conjure-im6.q16.1.gz
update-alternatives 2018-07-25 03:09:54: link group conjure-im6 updated to point to /usr/bin/conjure-im6.q16
update-alternatives 2018-07-25 03:09:54: run with --install /usr/bin/import import /usr/bin/import-im6.q16 10000 --slave /usr/share/man/man1/import.1.gz import.1.gz /usr/share/man/man1/import-im6.q16.1.gz
update-alternatives 2018-07-25 03:09:54: link group import updated to point to /usr/bin/import-im6.q16
update-alternatives 2018-07-25 03:09:54: run with --install /usr/bin/import-im6 import-im6 /usr/bin/import-im6.q16 10000 --slave /usr/share/man/man1/import-im6.1.gz import-im6.1.gz /usr/share/man/man1/import-im6.q16.1.gz
update-alternatives 2018-07-25 03:09:54: link group import-im6 updated to point to /usr/bin/import-im6.q16
update-alternatives 2018-07-25 03:09:54: run with --install /usr/bin/identify identify /usr/bin/identify-im6.q16 10000 --slave /usr/share/man/man1/identify.1.gz identify.1.gz /usr/share/man/man1/identify-im6.q16.1.gz
update-alternatives 2018-07-25 03:09:54: link group identify updated to point to /usr/bin/identify-im6.q16
update-alternatives 2018-07-25 03:09:54: run with --install /usr/bin/identify-im6 identify-im6 /usr/bin/identify-im6.q16 10000 --slave /usr/share/man/man1/identify-im6.1.gz identify-im6.1.gz /usr/share/man/man1/identify-im6.q16.1.gz
update-alternatives 2018-07-25 03:09:54: link group identify-im6 updated to point to /usr/bin/identify-im6.q16
update-alternatives 2018-07-25 03:09:54: run with --install /usr/bin/stream stream /usr/bin/stream-im6.q16 10000 --slave /usr/share/man/man1/stream.1.gz stream.1.gz /usr/share/man/man1/stream-im6.q16.1.gz
update-alternatives 2018-07-25 03:09:54: link group stream updated to point to /usr/bin/stream-im6.q16
update-alternatives 2018-07-25 03:09:54: run with --install /usr/bin/stream-im6 stream-im6 /usr/bin/stream-im6.q16 10000 --slave /usr/share/man/man1/stream-im6.1.gz stream-im6.1.gz /usr/share/man/man1/stream-im6.q16.1.gz
update-alternatives 2018-07-25 03:09:54: link group stream-im6 updated to point to /usr/bin/stream-im6.q16
update-alternatives 2018-07-25 03:09:54: run with --install /usr/bin/display display /usr/bin/display-im6.q16 10000 --slave /usr/share/man/man1/display.1.gz display.1.gz /usr/share/man/man1/display-im6.q16.1.gz
update-alternatives 2018-07-25 03:09:54: link group display updated to point to /usr/bin/display-im6.q16
update-alternatives 2018-07-25 03:09:54: run with --install /usr/bin/display-im6 display-im6 /usr/bin/display-im6.q16 10000 --slave /usr/share/man/man1/display-im6.1.gz display-im6.1.gz /usr/share/man/man1/display-im6.q16.1.gz
update-alternatives 2018-07-25 03:09:54: link group display-im6 updated to point to /usr/bin/display-im6.q16
update-alternatives 2018-07-25 03:09:54: run with --install /usr/bin/montage montage /usr/bin/montage-im6.q16 10000 --slave /usr/share/man/man1/montage.1.gz montage.1.gz /usr/share/man/man1/montage-im6.q16.1.gz
update-alternatives 2018-07-25 03:09:54: link group montage updated to point to /usr/bin/montage-im6.q16
update-alternatives 2018-07-25 03:09:54: run with --install /usr/bin/montage-im6 montage-im6 /usr/bin/montage-im6.q16 10000 --slave /usr/share/man/man1/montage-im6.1.gz montage-im6.1.gz /usr/share/man/man1/montage-im6.q16.1.gz
update-alternatives 2018-07-25 03:09:54: link group montage-im6 updated to point to /usr/bin/montage-im6.q16
update-alternatives 2018-07-25 03:09:54: run with --install /usr/bin/mogrify mogrify /usr/bin/mogrify-im6.q16 10000 --slave /usr/share/man/man1/mogrify.1.gz mogrify.1.gz /usr/share/man/man1/mogrify-im6.q16.1.gz
update-alternatives 2018-07-25 03:09:54: link group mogrify updated to point to /usr/bin/mogrify-im6.q16
update-alternatives 2018-07-25 03:09:54: run with --install /usr/bin/mogrify-im6 mogrify-im6 /usr/bin/mogrify-im6.q16 10000 --slave /usr/share/man/man1/mogrify-im6.1.gz mogrify-im6.1.gz /usr/share/man/man1/mogrify-im6.q16.1.gz
update-alternatives 2018-07-25 03:09:54: link group mogrify-im6 updated to point to /usr/bin/mogrify-im6.q16
update-alternatives 2018-07-25 03:09:56: run with --install /usr/share/plymouth/themes/default.plymouth default.plymouth /usr/share/plymouth/themes/ubuntu-logo/ubuntu-logo.plymouth 100 --slave /usr/share/plymouth/themes/default.grub default.plymouth.grub /usr/share/plymouth/themes/ubuntu-logo/ubuntu-logo.grub
update-alternatives 2018-07-25 03:09:56: link group default.plymouth updated to point to /usr/share/plymouth/themes/ubuntu-logo/ubuntu-logo.plymouth
update-alternatives 2018-07-25 03:09:57: run with --install /usr/share/icons/default/index.theme x-cursor-theme /usr/share/icons/Adwaita/cursor.theme 90
update-alternatives 2018-07-25 03:09:59: run with --install /usr/bin/gnome-www-browser gnome-www-browser /usr/bin/firefox 40
update-alternatives 2018-07-25 03:09:59: link group gnome-www-browser updated to point to /usr/bin/firefox
update-alternatives 2018-07-25 03:09:59: run with --install /usr/bin/x-www-browser x-www-browser /usr/bin/firefox 40
update-alternatives 2018-07-25 03:09:59: link group x-www-browser updated to point to /usr/bin/firefox
update-alternatives 2018-07-25 03:10:02: run with --install /usr/bin/x-terminal-emulator x-terminal-emulator /usr/bin/gnome-terminal.wrapper 40 --slave /usr/share/man/man1/x-terminal-emulator.1.gz x-terminal-emulator.1.gz /usr/share/man/man1/gnome-terminal.1.gz
update-alternatives 2018-07-25 03:10:02: link group x-terminal-emulator updated to point to /usr/bin/gnome-terminal.wrapper
update-alternatives 2018-07-25 03:10:03: run with --quiet --install /usr/bin/pinentry pinentry /usr/bin/pinentry-gnome3 90 --slave /usr/share/man/man1/pinentry.1.gz pinentry.1.gz /usr/share/man/man1/pinentry-gnome3.1.gz
update-alternatives 2018-07-25 03:10:03: link group pinentry updated to point to /usr/bin/pinentry-gnome3
update-alternatives 2018-07-25 03:10:03: run with --quiet --install /usr/bin/pinentry-x11 pinentry-x11 /usr/bin/pinentry-gnome3 90 --slave /usr/share/man/man1/pinentry-x11.1.gz pinentry-x11.1.gz /usr/share/man/man1/pinentry-gnome3.1.gz
update-alternatives 2018-07-25 03:10:03: link group pinentry-x11 updated to point to /usr/bin/pinentry-gnome3
update-alternatives 2018-07-25 03:10:03: run with --install /usr/bin/x-session-manager x-session-manager /usr/bin/gnome-session 50 --slave /usr/share/man/man1/x-session-manager.1.gz x-session-manager.1.gz /usr/share/man/man1/gnome-session.1.gz
update-alternatives 2018-07-25 03:10:03: link group x-session-manager updated to point to /usr/bin/gnome-session
update-alternatives 2018-07-25 03:10:05: run with --install /usr/bin/x-window-manager x-window-manager /usr/bin/mutter 60 --slave /usr/share/man/man1/x-window-manager.1.gz x-window-manager.1.gz /usr/share/man/man1/mutter.1.gz
update-alternatives 2018-07-25 03:10:05: link group x-window-manager updated to point to /usr/bin/mutter
update-alternatives 2018-07-25 03:10:06: run with --install /usr/bin/gnome-text-editor gnome-text-editor /usr/bin/gedit 50 --slave /usr/share/man/man1/gnome-text-editor.1.gz gnome-text-editor.1.gz /usr/share/man/man1/gedit.1.gz
update-alternatives 2018-07-25 03:10:06: link group gnome-text-editor updated to point to /usr/bin/gedit
update-alternatives 2018-07-25 03:11:42: run with --install /etc/cifs-utils/idmap-plugin idmap-plugin /usr/lib/x86_64-linux-gnu/cifs-utils/idmapwb.so 40 --slave /usr/share/man/man8/idmap-plugin.8.gz idmap-plugin.8.gz /usr/share/man/man8/idmapwb.8.gz
update-alternatives 2018-07-25 03:11:42: link group idmap-plugin updated to point to /usr/lib/x86_64-linux-gnu/cifs-utils/idmapwb.so
update-alternatives 2019-01-10 14:16:33: run with --remove idmap-plugin /usr/lib/x86_64-linux-gnu/cifs-utils/idmapwb.so
update-alternatives 2019-01-10 14:16:33: link group idmap-plugin fully removed
update-alternatives 2019-01-10 15:07:22: run with --install /usr/bin/pager pager /bin/more 50 --slave /usr/share/man/man1/pager.1.gz pager.1.gz /usr/share/man/man1/more.1.gz
update-alternatives 2019-01-10 15:07:23: run with --remove pager /usr/bin/pg
update-alternatives 2019-01-10 15:10:21: run with --install /usr/share/gnome-shell/theme/gdm3.css gdm3.css /usr/share/gnome-shell/theme/ubuntu.css 10
update-alternatives 2019-01-10 15:10:39: run with --install /etc/vtrgb vtrgb /etc/console-setup/vtrgb 50
update-alternatives 2019-01-10 15:10:39: run with --install /etc/vtrgb vtrgb /etc/console-setup/vtrgb.vga 20
update-alternatives 2019-01-10 15:10:44: run with --quiet --remove rlogin /usr/bin/ssh
update-alternatives 2019-01-10 15:10:44: run with --quiet --remove rcp /usr/bin/ssh
update-alternatives 2019-01-10 15:11:48: run with --quiet --install /lib/cpp cpp /usr/bin/cpp 10
update-alternatives 2019-01-10 15:11:48: run with --install /usr/share/plymouth/themes/text.plymouth text.plymouth /usr/share/plymouth/themes/ubuntu-text/ubuntu-text.plymouth 50
update-alternatives 2019-01-10 15:12:00: run with --install /usr/bin/gstreamer-codec-install gstreamer-codec-install /usr/lib/packagekit/pk-gstreamer-install 80
update-alternatives 2019-01-10 15:12:03: run with --install /usr/bin/gnome-www-browser gnome-www-browser /usr/bin/firefox 40
update-alternatives 2019-01-10 15:12:03: run with --install /usr/bin/x-www-browser x-www-browser /usr/bin/firefox 40
update-alternatives 2019-01-10 15:12:04: run with --install /usr/bin/gnome-text-editor gnome-text-editor /usr/bin/gedit 50 --slave /usr/share/man/man1/gnome-text-editor.1.gz gnome-text-editor.1.gz /usr/share/man/man1/gedit.1.gz
update-alternatives 2019-01-10 15:12:12: run with --install /usr/bin/compare compare /usr/bin/compare-im6.q16 10000 --slave /usr/share/man/man1/compare.1.gz compare.1.gz /usr/share/man/man1/compare-im6.q16.1.gz
update-alternatives 2019-01-10 15:12:12: run with --install /usr/bin/compare-im6 compare-im6 /usr/bin/compare-im6.q16 10000 --slave /usr/share/man/man1/compare-im6.1.gz compare-im6.1.gz /usr/share/man/man1/compare-im6.q16.1.gz
update-alternatives 2019-01-10 15:12:12: run with --install /usr/bin/animate animate /usr/bin/animate-im6.q16 10000 --slave /usr/share/man/man1/animate.1.gz animate.1.gz /usr/share/man/man1/animate-im6.q16.1.gz
update-alternatives 2019-01-10 15:12:12: run with --install /usr/bin/animate-im6 animate-im6 /usr/bin/animate-im6.q16 10000 --slave /usr/share/man/man1/animate-im6.1.gz animate-im6.1.gz /usr/share/man/man1/animate-im6.q16.1.gz
update-alternatives 2019-01-10 15:12:12: run with --install /usr/bin/convert convert /usr/bin/convert-im6.q16 10000 --slave /usr/share/man/man1/convert.1.gz convert.1.gz /usr/share/man/man1/convert-im6.q16.1.gz
update-alternatives 2019-01-10 15:12:12: run with --install /usr/bin/convert-im6 convert-im6 /usr/bin/convert-im6.q16 10000 --slave /usr/share/man/man1/convert-im6.1.gz convert-im6.1.gz /usr/share/man/man1/convert-im6.q16.1.gz
update-alternatives 2019-01-10 15:12:12: run with --install /usr/bin/composite composite /usr/bin/composite-im6.q16 10000 --slave /usr/share/man/man1/composite.1.gz composite.1.gz /usr/share/man/man1/composite-im6.q16.1.gz
update-alternatives 2019-01-10 15:12:12: run with --install /usr/bin/composite-im6 composite-im6 /usr/bin/composite-im6.q16 10000 --slave /usr/share/man/man1/composite-im6.1.gz composite-im6.1.gz /usr/share/man/man1/composite-im6.q16.1.gz
update-alternatives 2019-01-10 15:12:12: run with --install /usr/bin/conjure conjure /usr/bin/conjure-im6.q16 10000 --slave /usr/share/man/man1/conjure.1.gz conjure.1.gz /usr/share/man/man1/conjure-im6.q16.1.gz
update-alternatives 2019-01-10 15:12:12: run with --install /usr/bin/conjure-im6 conjure-im6 /usr/bin/conjure-im6.q16 10000 --slave /usr/share/man/man1/conjure-im6.1.gz conjure-im6.1.gz /usr/share/man/man1/conjure-im6.q16.1.gz
update-alternatives 2019-01-10 15:12:12: run with --install /usr/bin/import import /usr/bin/import-im6.q16 10000 --slave /usr/share/man/man1/import.1.gz import.1.gz /usr/share/man/man1/import-im6.q16.1.gz
update-alternatives 2019-01-10 15:12:12: run with --install /usr/bin/import-im6 import-im6 /usr/bin/import-im6.q16 10000 --slave /usr/share/man/man1/import-im6.1.gz import-im6.1.gz /usr/share/man/man1/import-im6.q16.1.gz
update-alternatives 2019-01-10 15:12:12: run with --install /usr/bin/identify identify /usr/bin/identify-im6.q16 10000 --slave /usr/share/man/man1/identify.1.gz identify.1.gz /usr/share/man/man1/identify-im6.q16.1.gz
update-alternatives 2019-01-10 15:12:12: run with --install /usr/bin/identify-im6 identify-im6 /usr/bin/identify-im6.q16 10000 --slave /usr/share/man/man1/identify-im6.1.gz identify-im6.1.gz /usr/share/man/man1/identify-im6.q16.1.gz
update-alternatives 2019-01-10 15:12:12: run with --install /usr/bin/stream stream /usr/bin/stream-im6.q16 10000 --slave /usr/share/man/man1/stream.1.gz stream.1.gz /usr/share/man/man1/stream-im6.q16.1.gz
update-alternatives 2019-01-10 15:12:12: run with --install /usr/bin/stream-im6 stream-im6 /usr/bin/stream-im6.q16 10000 --slave /usr/share/man/man1/stream-im6.1.gz stream-im6.1.gz /usr/share/man/man1/stream-im6.q16.1.gz
update-alternatives 2019-01-10 15:12:12: run with --install /usr/bin/display display /usr/bin/display-im6.q16 10000 --slave /usr/share/man/man1/display.1.gz display.1.gz /usr/share/man/man1/display-im6.q16.1.gz
update-alternatives 2019-01-10 15:12:12: run with --install /usr/bin/display-im6 display-im6 /usr/bin/display-im6.q16 10000 --slave /usr/share/man/man1/display-im6.1.gz display-im6.1.gz /usr/share/man/man1/display-im6.q16.1.gz
update-alternatives 2019-01-10 15:12:12: run with --install /usr/bin/montage montage /usr/bin/montage-im6.q16 10000 --slave /usr/share/man/man1/montage.1.gz montage.1.gz /usr/share/man/man1/montage-im6.q16.1.gz
update-alternatives 2019-01-10 15:12:12: run with --install /usr/bin/montage-im6 montage-im6 /usr/bin/montage-im6.q16 10000 --slave /usr/share/man/man1/montage-im6.1.gz montage-im6.1.gz /usr/share/man/man1/montage-im6.q16.1.gz
update-alternatives 2019-01-10 15:12:12: run with --install /usr/bin/mogrify mogrify /usr/bin/mogrify-im6.q16 10000 --slave /usr/share/man/man1/mogrify.1.gz mogrify.1.gz /usr/share/man/man1/mogrify-im6.q16.1.gz
update-alternatives 2019-01-10 15:12:12: run with --install /usr/bin/mogrify-im6 mogrify-im6 /usr/bin/mogrify-im6.q16 10000 --slave /usr/share/man/man1/mogrify-im6.1.gz mogrify-im6.1.gz /usr/share/man/man1/mogrify-im6.q16.1.gz
update-alternatives 2019-01-10 15:12:15: run with --install /usr/share/plymouth/themes/default.plymouth default.plymouth /usr/share/plymouth/themes/ubuntu-logo/ubuntu-logo.plymouth 100 --slave /usr/share/plymouth/themes/default.grub default.plymouth.grub /usr/share/plymouth/themes/ubuntu-logo/ubuntu-logo.grub
update-alternatives 2019-01-10 15:12:15: run with --install /usr/bin/x-window-manager x-window-manager /usr/bin/mutter 60 --slave /usr/share/man/man1/x-window-manager.1.gz x-window-manager.1.gz /usr/share/man/man1/mutter.1.gz
update-alternatives 2019-01-14 12:10:52: run with --install /usr/bin/rmid rmid /usr/lib/jvm/java-8-openjdk-amd64/jre/bin/rmid 1081 --slave /usr/share/man/man1/rmid.1.gz rmid.1.gz /usr/lib/jvm/java-8-openjdk-amd64/jre/man/man1/rmid.1.gz
update-alternatives 2019-01-14 12:10:52: link group rmid updated to point to /usr/lib/jvm/java-8-openjdk-amd64/jre/bin/rmid
update-alternatives 2019-01-14 12:10:52: run with --install /usr/bin/java java /usr/lib/jvm/java-8-openjdk-amd64/jre/bin/java 1081 --slave /usr/share/man/man1/java.1.gz java.1.gz /usr/lib/jvm/java-8-openjdk-amd64/jre/man/man1/java.1.gz
update-alternatives 2019-01-14 12:10:52: link group java updated to point to /usr/lib/jvm/java-8-openjdk-amd64/jre/bin/java
update-alternatives 2019-01-14 12:10:52: run with --install /usr/bin/keytool keytool /usr/lib/jvm/java-8-openjdk-amd64/jre/bin/keytool 1081 --slave /usr/share/man/man1/keytool.1.gz keytool.1.gz /usr/lib/jvm/java-8-openjdk-amd64/jre/man/man1/keytool.1.gz
update-alternatives 2019-01-14 12:10:52: link group keytool updated to point to /usr/lib/jvm/java-8-openjdk-amd64/jre/bin/keytool
update-alternatives 2019-01-14 12:10:52: run with --install /usr/bin/jjs jjs /usr/lib/jvm/java-8-openjdk-amd64/jre/bin/jjs 1081 --slave /usr/share/man/man1/jjs.1.gz jjs.1.gz /usr/lib/jvm/java-8-openjdk-amd64/jre/man/man1/jjs.1.gz
update-alternatives 2019-01-14 12:10:52: link group jjs updated to point to /usr/lib/jvm/java-8-openjdk-amd64/jre/bin/jjs
update-alternatives 2019-01-14 12:10:52: run with --install /usr/bin/pack200 pack200 /usr/lib/jvm/java-8-openjdk-amd64/jre/bin/pack200 1081 --slave /usr/share/man/man1/pack200.1.gz pack200.1.gz /usr/lib/jvm/java-8-openjdk-amd64/jre/man/man1/pack200.1.gz
update-alternatives 2019-01-14 12:10:52: link group pack200 updated to point to /usr/lib/jvm/java-8-openjdk-amd64/jre/bin/pack200
update-alternatives 2019-01-14 12:10:52: run with --install /usr/bin/rmiregistry rmiregistry /usr/lib/jvm/java-8-openjdk-amd64/jre/bin/rmiregistry 1081 --slave /usr/share/man/man1/rmiregistry.1.gz rmiregistry.1.gz /usr/lib/jvm/java-8-openjdk-amd64/jre/man/man1/rmiregistry.1.gz
update-alternatives 2019-01-14 12:10:52: link group rmiregistry updated to point to /usr/lib/jvm/java-8-openjdk-amd64/jre/bin/rmiregistry
update-alternatives 2019-01-14 12:10:52: run with --install /usr/bin/unpack200 unpack200 /usr/lib/jvm/java-8-openjdk-amd64/jre/bin/unpack200 1081 --slave /usr/share/man/man1/unpack200.1.gz unpack200.1.gz /usr/lib/jvm/java-8-openjdk-amd64/jre/man/man1/unpack200.1.gz
update-alternatives 2019-01-14 12:10:52: link group unpack200 updated to point to /usr/lib/jvm/java-8-openjdk-amd64/jre/bin/unpack200
update-alternatives 2019-01-14 12:10:52: run with --install /usr/bin/orbd orbd /usr/lib/jvm/java-8-openjdk-amd64/jre/bin/orbd 1081 --slave /usr/share/man/man1/orbd.1.gz orbd.1.gz /usr/lib/jvm/java-8-openjdk-amd64/jre/man/man1/orbd.1.gz
update-alternatives 2019-01-14 12:10:52: link group orbd updated to point to /usr/lib/jvm/java-8-openjdk-amd64/jre/bin/orbd
update-alternatives 2019-01-14 12:10:52: run with --install /usr/bin/servertool servertool /usr/lib/jvm/java-8-openjdk-amd64/jre/bin/servertool 1081 --slave /usr/share/man/man1/servertool.1.gz servertool.1.gz /usr/lib/jvm/java-8-openjdk-amd64/jre/man/man1/servertool.1.gz
update-alternatives 2019-01-14 12:10:52: link group servertool updated to point to /usr/lib/jvm/java-8-openjdk-amd64/jre/bin/servertool
update-alternatives 2019-01-14 12:10:52: run with --install /usr/bin/tnameserv tnameserv /usr/lib/jvm/java-8-openjdk-amd64/jre/bin/tnameserv 1081 --slave /usr/share/man/man1/tnameserv.1.gz tnameserv.1.gz /usr/lib/jvm/java-8-openjdk-amd64/jre/man/man1/tnameserv.1.gz
update-alternatives 2019-01-14 12:10:52: link group tnameserv updated to point to /usr/lib/jvm/java-8-openjdk-amd64/jre/bin/tnameserv
update-alternatives 2019-01-14 12:10:52: run with --install /usr/bin/jexec jexec /usr/lib/jvm/java-8-openjdk-amd64/jre/lib/jexec 1081 --slave /usr/share/binfmts/jar jexec-binfmt /usr/lib/jvm/java-8-openjdk-amd64/jre/lib/jar.binfmt
update-alternatives 2019-01-14 12:10:52: link group jexec updated to point to /usr/lib/jvm/java-8-openjdk-amd64/jre/lib/jexec
